D:\TEMP\LR09\LR09BITSTR\LR09BITSTR\DEBUG\LR09BITSTR.PCH
D:\TEMP\LR09\LR09BITSTR\LR09BITSTR\DEBUG\STDAFX.OBJ
D:\TEMP\LR09\LR09BITSTR\LR09BITSTR\DEBUG\VC110.PDB
D:\TEMP\LR09\LR09BITSTR\LR09BITSTR\DEBUG\LR09BITSTR.OBJ
D:\TEMP\LR09\LR09BITSTR\DEBUG\LR09BITSTR.ILK
D:\TEMP\LR09\LR09BITSTR\DEBUG\LR09BITSTR.EXE
D:\TEMP\LR09\LR09BITSTR\DEBUG\LR09BITSTR.PDB
D:\TEMP\lr09\lr09BitStr\lr09BitStr\Debug\PPSTART.obj
D:\TEMP\lr09\lr09BitStr\lr09BitStr\Debug\COUNT.obj
D:\TEMP\lr09\lr09BitStr\lr09BitStr\Debug\SETCLER.obj
D:\TEMP\lr09\lr09BitStr\lr09BitStr\Debug\A_B.obj
\\Mac\Home\Desktop\lr09\lr09BitStr\lr09BitStr\Debug\A_B.obj
\\Mac\Home\Desktop\lr09\lr09BitStr\lr09BitStr\Debug\COUNT.obj
\\Mac\Home\Desktop\lr09\lr09BitStr\lr09BitStr\Debug\lr09BitStr.obj
\\Mac\Home\Desktop\lr09\lr09BitStr\lr09BitStr\Debug\PPSTART.obj
\\Mac\Home\Desktop\lr09\lr09BitStr\lr09BitStr\Debug\SETCLER.obj
\\Mac\Home\Desktop\lr09\lr09BitStr\lr09BitStr\Debug\stdafx.obj
\\Mac\Home\Desktop\lr09\lr09BitStr\lr09BitStr\Debug\cl.command.1.tlog
\\Mac\Home\Desktop\lr09\lr09BitStr\lr09BitStr\Debug\CL.read.1.tlog
\\Mac\Home\Desktop\lr09\lr09BitStr\lr09BitStr\Debug\CL.write.1.tlog
\\Mac\Home\Desktop\lr09\lr09BitStr\lr09BitStr\Debug\link-cvtres.read.1.tlog
\\Mac\Home\Desktop\lr09\lr09BitStr\lr09BitStr\Debug\link-cvtres.write.1.tlog
\\Mac\Home\Desktop\lr09\lr09BitStr\lr09BitStr\Debug\link-rc.read.1.tlog
\\Mac\Home\Desktop\lr09\lr09BitStr\lr09BitStr\Debug\link-rc.write.1.tlog
\\Mac\Home\Desktop\lr09\lr09BitStr\lr09BitStr\Debug\link.2744-cvtres.read.1.tlog
\\Mac\Home\Desktop\lr09\lr09BitStr\lr09BitStr\Debug\link.2744-cvtres.write.1.tlog
\\Mac\Home\Desktop\lr09\lr09BitStr\lr09BitStr\Debug\link.2744-rc.read.1.tlog
\\Mac\Home\Desktop\lr09\lr09BitStr\lr09BitStr\Debug\link.2744-rc.write.1.tlog
\\Mac\Home\Desktop\lr09\lr09BitStr\lr09BitStr\Debug\link.2744.read.1.tlog
\\Mac\Home\Desktop\lr09\lr09BitStr\lr09BitStr\Debug\link.2744.write.1.tlog
\\Mac\Home\Desktop\lr09\lr09BitStr\lr09BitStr\Debug\link.3208-cvtres.read.1.tlog
\\Mac\Home\Desktop\lr09\lr09BitStr\lr09BitStr\Debug\link.3208-cvtres.write.1.tlog
\\Mac\Home\Desktop\lr09\lr09BitStr\lr09BitStr\Debug\link.3208-rc.read.1.tlog
\\Mac\Home\Desktop\lr09\lr09BitStr\lr09BitStr\Debug\link.3208-rc.write.1.tlog
\\Mac\Home\Desktop\lr09\lr09BitStr\lr09BitStr\Debug\link.3208.read.1.tlog
\\Mac\Home\Desktop\lr09\lr09BitStr\lr09BitStr\Debug\link.3208.write.1.tlog
\\Mac\Home\Desktop\lr09\lr09BitStr\lr09BitStr\Debug\link.4480-cvtres.read.1.tlog
\\Mac\Home\Desktop\lr09\lr09BitStr\lr09BitStr\Debug\link.4480-cvtres.write.1.tlog
\\Mac\Home\Desktop\lr09\lr09BitStr\lr09BitStr\Debug\link.4480-rc.read.1.tlog
\\Mac\Home\Desktop\lr09\lr09BitStr\lr09BitStr\Debug\link.4480-rc.write.1.tlog
\\Mac\Home\Desktop\lr09\lr09BitStr\lr09BitStr\Debug\link.4480.read.1.tlog
\\Mac\Home\Desktop\lr09\lr09BitStr\lr09BitStr\Debug\link.4480.write.1.tlog
\\Mac\Home\Desktop\lr09\lr09BitStr\lr09BitStr\Debug\link.command.1.tlog
\\Mac\Home\Desktop\lr09\lr09BitStr\lr09BitStr\Debug\link.read.1.tlog
\\Mac\Home\Desktop\lr09\lr09BitStr\lr09BitStr\Debug\link.write.1.tlog
\\Mac\Home\Desktop\lr09\lr09BitStr\lr09BitStr\Debug\lr09BitStr.write.1.tlog
\\Mac\Home\Desktop\lr09\lr09BitStr\lr09BitStr\Debug\lr09BitStr.pch
\\Mac\Home\Desktop\lr09\lr09BitStr\lr09BitStr\Debug\vc110.idb
\\Mac\Home\Desktop\lr09\lr09BitStr\lr09BitStr\Debug\vc110.pdb
\\Mac\Home\Desktop\lr09\lr09BitStr\Debug\lr09BitStr.pdb
\\Mac\Home\Desktop\lr09\lr09BitStr\Debug\lr09BitStr.exe
\\Mac\Home\Desktop\lr09\lr09BitStr\Debug\lr09BitStr.ilk
