d:\temp\iu7-41\macros\macrsasm\macrsasm\debug\macrsasm.pch
d:\temp\iu7-41\macros\macrsasm\macrsasm\debug\stdafx.obj
d:\temp\iu7-41\macros\macrsasm\macrsasm\debug\vc110.pdb
d:\temp\iu7-41\macros\macrsasm\macrsasm\debug\macrsasm.obj
d:\temp\iu7-41\macros\macrsasm\debug\macrsasm.ilk
d:\temp\iu7-41\macros\macrsasm\debug\macrsasm.exe
d:\temp\iu7-41\macros\macrsasm\debug\macrsasm.pdb
d:\temp\iu7-41\macros\macrsasm\macrsasm\debug\mainasm.obj
c:\users\полина\documents\иу7\четвертый семестр(2016)\маш. зав. языки\macros\macrsasm\macrsasm\debug\macrsasm.obj
c:\users\полина\documents\иу7\четвертый семестр(2016)\маш. зав. языки\macros\macrsasm\macrsasm\debug\mainasm.obj
c:\users\полина\documents\иу7\четвертый семестр(2016)\маш. зав. языки\macros\macrsasm\macrsasm\debug\stdafx.obj
c:\users\полина\documents\иу7\четвертый семестр(2016)\маш. зав. языки\macros\macrsasm\macrsasm\debug\cl.command.1.tlog
c:\users\полина\documents\иу7\четвертый семестр(2016)\маш. зав. языки\macros\macrsasm\macrsasm\debug\cl.read.1.tlog
c:\users\полина\documents\иу7\четвертый семестр(2016)\маш. зав. языки\macros\macrsasm\macrsasm\debug\cl.write.1.tlog
c:\users\полина\documents\иу7\четвертый семестр(2016)\маш. зав. языки\macros\macrsasm\macrsasm\debug\link-cvtres.read.1.tlog
c:\users\полина\documents\иу7\четвертый семестр(2016)\маш. зав. языки\macros\macrsasm\macrsasm\debug\link-cvtres.write.1.tlog
c:\users\полина\documents\иу7\четвертый семестр(2016)\маш. зав. языки\macros\macrsasm\macrsasm\debug\link-rc.read.1.tlog
c:\users\полина\documents\иу7\четвертый семестр(2016)\маш. зав. языки\macros\macrsasm\macrsasm\debug\link-rc.write.1.tlog
c:\users\полина\documents\иу7\четвертый семестр(2016)\маш. зав. языки\macros\macrsasm\macrsasm\debug\link.command.1.tlog
c:\users\полина\documents\иу7\четвертый семестр(2016)\маш. зав. языки\macros\macrsasm\macrsasm\debug\link.read.1.tlog
c:\users\полина\documents\иу7\четвертый семестр(2016)\маш. зав. языки\macros\macrsasm\macrsasm\debug\link.write.1.tlog
c:\users\полина\documents\иу7\четвертый семестр(2016)\маш. зав. языки\macros\macrsasm\macrsasm\debug\macrsasm.write.1.tlog
c:\users\полина\documents\иу7\четвертый семестр(2016)\маш. зав. языки\macros\macrsasm\macrsasm\debug\macrsasm.pch
c:\users\полина\documents\иу7\четвертый семестр(2016)\маш. зав. языки\macros\macrsasm\macrsasm\debug\vc110.idb
c:\users\полина\documents\иу7\четвертый семестр(2016)\маш. зав. языки\macros\macrsasm\macrsasm\debug\vc110.pdb
c:\users\полина\documents\иу7\четвертый семестр(2016)\маш. зав. языки\macros\macrsasm\debug\macrsasm.pdb
c:\users\полина\documents\иу7\четвертый семестр(2016)\маш. зав. языки\macros\macrsasm\debug\macrsasm.exe
c:\users\полина\documents\иу7\четвертый семестр(2016)\маш. зав. языки\macros\macrsasm\debug\macrsasm.ilk
